  [1m[36m (1.2ms)[0m  [1mCREATE TABLE "schema_migrations" ("version" varchar(255) NOT NULL) [0m
  [1m[35m (0.1ms)[0m  select sqlite_version(*)
  [1m[36m (1.1ms)[0m  [1mCREATE UNIQUE INDEX "unique_schema_migrations" ON "schema_migrations" ("version")[0m
  [1m[35mActiveRecord::SchemaMigration Load (0.1ms)[0m  SELECT "schema_migrations".* FROM "schema_migrations"
Migrating to DeviseCreateUsers (20141121060857)
  [1m[36m (0.1ms)[0m  [1mbegin transaction[0m
  [1m[35m (0.7ms)[0m  CREATE TABLE "users" ("id" INTEGER PRIMARY KEY AUTOINCREMENT NOT NULL, "email" varchar(255) DEFAULT '' NOT NULL, "encrypted_password" varchar(255) DEFAULT '' NOT NULL, "reset_password_token" varchar(255), "reset_password_sent_at" datetime, "remember_created_at" datetime, "sign_in_count" integer DEFAULT 0 NOT NULL, "current_sign_in_at" datetime, "last_sign_in_at" datetime, "current_sign_in_ip" varchar(255), "last_sign_in_ip" varchar(255), "created_at" datetime, "updated_at" datetime) 
  [1m[36m (1.1ms)[0m  [1mCREATE UNIQUE INDEX "index_users_on_email" ON "users" ("email")[0m
  [1m[35m (0.1ms)[0m              SELECT sql
            FROM sqlite_master
            WHERE name='index_users_on_email' AND type='index'
            UNION ALL
            SELECT sql
            FROM sqlite_temp_master
            WHERE name='index_users_on_email' AND type='index'

  [1m[36m (0.2ms)[0m  [1mCREATE UNIQUE INDEX "index_users_on_reset_password_token" ON "users" ("reset_password_token")[0m
  [1m[35mSQL (0.2ms)[0m  INSERT INTO "schema_migrations" ("version") VALUES (?)  [["version", "20141121060857"]]
  [1m[36m (0.8ms)[0m  [1mcommit transaction[0m
Migrating to AddNameToUsers (20141121060900)
  [1m[35m (0.0ms)[0m  begin transaction
  [1m[36m (0.3ms)[0m  [1mALTER TABLE "users" ADD "name" varchar(255)[0m
  [1m[35mSQL (0.1ms)[0m  INSERT INTO "schema_migrations" ("version") VALUES (?)  [["version", "20141121060900"]]
  [1m[36m (0.8ms)[0m  [1mcommit transaction[0m
  [1m[35mActiveRecord::SchemaMigration Load (0.2ms)[0m  SELECT "schema_migrations".* FROM "schema_migrations"
  [1m[36m (0.2ms)[0m  [1m            SELECT sql
            FROM sqlite_master
            WHERE name='index_users_on_reset_password_token' AND type='index'
            UNION ALL
            SELECT sql
            FROM sqlite_temp_master
            WHERE name='index_users_on_reset_password_token' AND type='index'
[0m
  [1m[35m (0.1ms)[0m              SELECT sql
            FROM sqlite_master
            WHERE name='index_users_on_email' AND type='index'
            UNION ALL
            SELECT sql
            FROM sqlite_temp_master
            WHERE name='index_users_on_email' AND type='index'

  [1m[36mActiveRecord::SchemaMigration Load (0.2ms)[0m  [1mSELECT "schema_migrations".* FROM "schema_migrations"[0m
  [1m[35mActiveRecord::SchemaMigration Load (0.1ms)[0m  SELECT "schema_migrations".* FROM "schema_migrations"
  [1m[36m (0.2ms)[0m  [1m            SELECT sql
            FROM sqlite_master
            WHERE name='index_users_on_reset_password_token' AND type='index'
            UNION ALL
            SELECT sql
            FROM sqlite_temp_master
            WHERE name='index_users_on_reset_password_token' AND type='index'
[0m
  [1m[35m (0.2ms)[0m              SELECT sql
            FROM sqlite_master
            WHERE name='index_users_on_email' AND type='index'
            UNION ALL
            SELECT sql
            FROM sqlite_temp_master
            WHERE name='index_users_on_email' AND type='index'

  [1m[36mActiveRecord::SchemaMigration Load (0.1ms)[0m  [1mSELECT "schema_migrations".* FROM "schema_migrations"[0m
  [1m[35mUser Load (0.1ms)[0m  SELECT  "users".* FROM "users"  WHERE "users"."email" = 'user@example.com' LIMIT 1
  [1m[36m (0.1ms)[0m  [1mbegin transaction[0m
  [1m[35mUser Exists (0.2ms)[0m  SELECT  1 AS one FROM "users"  WHERE "users"."email" = 'user@example.com' LIMIT 1
Binary data inserted for `string` type on column `encrypted_password`
  [1m[36mSQL (0.6ms)[0m  [1mINSERT INTO "users" ("created_at", "email", "encrypted_password", "updated_at") VALUES (?, ?, ?, ?)[0m  [["created_at", "2014-11-21 06:09:20.168156"], ["email", "user@example.com"], ["encrypted_password", "$2a$10$RzvUbuce2cn1UI2SCVIgUOK6UYATh1.o2Vi1bWAibHIV9Wbw9drAa"], ["updated_at", "2014-11-21 06:09:20.168156"]]
  [1m[35m (2.3ms)[0m  commit transaction


Started GET "/" for 127.0.0.1 at 2014-11-20 22:12:12 -0800
  [1m[36mActiveRecord::SchemaMigration Load (0.1ms)[0m  [1mSELECT "schema_migrations".* FROM "schema_migrations"[0m
Processing by VisitorsController#index as HTML
  [1m[35m (0.1ms)[0m  SELECT COUNT(*) FROM "users"
  Rendered visitors/index.html.erb within layouts/application (3.7ms)
  Rendered layouts/_navigation_links.html.erb (8.2ms)
  Rendered layouts/_navigation.html.erb (10.9ms)
  Rendered layouts/_messages.html.erb (1.1ms)
Completed 200 OK in 5990ms (Views: 5978.1ms | ActiveRecord: 0.4ms)


Started GET "/" for 127.0.0.1 at 2014-11-20 22:13:49 -0800
Processing by VisitorsController#index as HTML
  [1m[36m (0.3ms)[0m  [1mSELECT COUNT(*) FROM "users"[0m
  Rendered visitors/index.html.erb within layouts/application (5.1ms)
  Rendered layouts/_navigation_links.html.erb (0.9ms)
  Rendered layouts/_navigation.html.erb (4.4ms)
  Rendered layouts/_messages.html.erb (0.1ms)
Completed 200 OK in 174ms (Views: 172.5ms | ActiveRecord: 0.3ms)


Started GET "/users" for 127.0.0.1 at 2014-11-20 22:14:10 -0800
Processing by UsersController#index as HTML
Completed 401 Unauthorized in 1ms


Started GET "/users/sign_in" for 127.0.0.1 at 2014-11-20 22:14:10 -0800
Processing by Devise::SessionsController#new as HTML
  Rendered devise/sessions/new.html.erb within layouts/application (24.1ms)
  Rendered layouts/_navigation_links.html.erb (1.1ms)
  Rendered layouts/_navigation.html.erb (6.2ms)
  Rendered layouts/_messages.html.erb (0.3ms)
Completed 200 OK in 299ms (Views: 280.9ms | ActiveRecord: 0.0ms)


Started POST "/users/sign_in" for 127.0.0.1 at 2014-11-20 22:14:14 -0800
Processing by Devise::SessionsController#create as HTML
  Parameters: {"utf8"=>"✓", "authenticity_token"=>"x7/iE06OjFZbRo7CDMJM9KK10ZgWum6zIQNrH7DbpxI=", "user"=>{"email"=>"mandy@mandy.com", "password"=>"[FILTERED]", "remember_me"=>"0"}, "commit"=>"Sign in"}
  [1m[35mUser Load (0.7ms)[0m  SELECT  "users".* FROM "users"  WHERE "users"."email" = 'mandy@mandy.com'  ORDER BY "users"."id" ASC LIMIT 1
Completed 401 Unauthorized in 13ms
Processing by Devise::SessionsController#new as HTML
  Parameters: {"utf8"=>"✓", "authenticity_token"=>"x7/iE06OjFZbRo7CDMJM9KK10ZgWum6zIQNrH7DbpxI=", "user"=>{"email"=>"mandy@mandy.com", "password"=>"[FILTERED]", "remember_me"=>"0"}, "commit"=>"Sign in"}
  Rendered devise/sessions/new.html.erb within layouts/application (3.8ms)
  Rendered layouts/_navigation_links.html.erb (0.6ms)
  Rendered layouts/_navigation.html.erb (1.9ms)
  Rendered layouts/_messages.html.erb (0.2ms)
Completed 200 OK in 280ms (Views: 202.4ms | ActiveRecord: 0.0ms)


Started GET "/users/sign_up" for 127.0.0.1 at 2014-11-20 22:14:17 -0800
Processing by Devise::RegistrationsController#new as HTML
  Rendered devise/registrations/new.html.erb within layouts/application (3.3ms)
  Rendered layouts/_navigation_links.html.erb (0.4ms)
  Rendered layouts/_navigation.html.erb (1.1ms)
  Rendered layouts/_messages.html.erb (0.1ms)
Completed 200 OK in 166ms (Views: 162.5ms | ActiveRecord: 0.0ms)


Started POST "/users" for 127.0.0.1 at 2014-11-20 22:14:28 -0800
Processing by Devise::RegistrationsController#create as HTML
  Parameters: {"utf8"=>"✓", "authenticity_token"=>"x7/iE06OjFZbRo7CDMJM9KK10ZgWum6zIQNrH7DbpxI=", "user"=>{"name"=>"mandy", "email"=>"mandy@mandy.com", "password"=>"[FILTERED]", "password_confirmation"=>"[FILTERED]"}, "commit"=>"Sign up"}
  [1m[36m (0.1ms)[0m  [1mbegin transaction[0m
  [1m[35mUser Exists (0.2ms)[0m  SELECT  1 AS one FROM "users"  WHERE "users"."email" = 'mandy@mandy.com' LIMIT 1
  [1m[36m (0.1ms)[0m  [1mrollback transaction[0m
  Rendered devise/registrations/new.html.erb within layouts/application (2.9ms)
  Rendered layouts/_navigation_links.html.erb (0.4ms)
  Rendered layouts/_navigation.html.erb (1.3ms)
  Rendered layouts/_messages.html.erb (0.1ms)
Completed 200 OK in 254ms (Views: 147.2ms | ActiveRecord: 0.3ms)


Started POST "/users" for 127.0.0.1 at 2014-11-20 22:14:39 -0800
Processing by Devise::RegistrationsController#create as HTML
  Parameters: {"utf8"=>"✓", "authenticity_token"=>"x7/iE06OjFZbRo7CDMJM9KK10ZgWum6zIQNrH7DbpxI=", "user"=>{"name"=>"mandy", "email"=>"mandy@mandy.com", "password"=>"[FILTERED]", "password_confirmation"=>"[FILTERED]"}, "commit"=>"Sign up"}
  [1m[35m (0.1ms)[0m  begin transaction
  [1m[36mUser Exists (0.1ms)[0m  [1mSELECT  1 AS one FROM "users"  WHERE "users"."email" = 'mandy@mandy.com' LIMIT 1[0m
Binary data inserted for `string` type on column `encrypted_password`
  [1m[35mSQL (0.9ms)[0m  INSERT INTO "users" ("created_at", "email", "encrypted_password", "name", "updated_at") VALUES (?, ?, ?, ?, ?)  [["created_at", "2014-11-21 06:14:39.809886"], ["email", "mandy@mandy.com"], ["encrypted_password", "$2a$10$Covh7iZ6EjYbymEQ29E3Duh.FASfaZag1oqkpk4ru.dw.5891DaIO"], ["name", "mandy"], ["updated_at", "2014-11-21 06:14:39.809886"]]
  [1m[36m (1.0ms)[0m  [1mcommit transaction[0m
  [1m[35m (0.1ms)[0m  begin transaction
Binary data inserted for `string` type on column `current_sign_in_ip`
Binary data inserted for `string` type on column `last_sign_in_ip`
  [1m[36mSQL (0.5ms)[0m  [1mUPDATE "users" SET "current_sign_in_at" = ?, "current_sign_in_ip" = ?, "last_sign_in_at" = ?, "last_sign_in_ip" = ?, "sign_in_count" = ?, "updated_at" = ? WHERE "users"."id" = 2[0m  [["current_sign_in_at", "2014-11-21 06:14:39.817905"], ["current_sign_in_ip", "127.0.0.1"], ["last_sign_in_at", "2014-11-21 06:14:39.817905"], ["last_sign_in_ip", "127.0.0.1"], ["sign_in_count", 1], ["updated_at", "2014-11-21 06:14:39.819131"]]
  [1m[35m (1.0ms)[0m  commit transaction
Redirected to http://localhost:3000/users
Completed 302 Found in 108ms (ActiveRecord: 3.6ms)


Started GET "/users" for 127.0.0.1 at 2014-11-20 22:14:39 -0800
Processing by UsersController#index as HTML
  [1m[36mUser Load (0.3ms)[0m  [1mSELECT  "users".* FROM "users"  WHERE "users"."id" = 2  ORDER BY "users"."id" ASC LIMIT 1[0m
  [1m[35mUser Load (0.5ms)[0m  SELECT "users".* FROM "users"
  Rendered users/_user.html.erb (1.6ms)
  Rendered users/_user.html.erb (0.5ms)
  Rendered users/index.html.erb within layouts/application (8.4ms)
  Rendered layouts/_navigation_links.html.erb (0.3ms)
  Rendered layouts/_navigation.html.erb (1.2ms)
  Rendered layouts/_messages.html.erb (0.2ms)
Completed 200 OK in 247ms (Views: 242.6ms | ActiveRecord: 0.7ms)


Started GET "/users" for 127.0.0.1 at 2014-11-20 22:14:46 -0800
Processing by UsersController#index as HTML
  [1m[36mUser Load (0.2ms)[0m  [1mSELECT  "users".* FROM "users"  WHERE "users"."id" = 2  ORDER BY "users"."id" ASC LIMIT 1[0m
  [1m[35mUser Load (0.2ms)[0m  SELECT "users".* FROM "users"
  Rendered users/_user.html.erb (0.8ms)
  Rendered users/_user.html.erb (0.2ms)
  Rendered users/index.html.erb within layouts/application (3.9ms)
  Rendered layouts/_navigation_links.html.erb (0.8ms)
  Rendered layouts/_navigation.html.erb (2.3ms)
  Rendered layouts/_messages.html.erb (0.6ms)
Completed 200 OK in 144ms (Views: 141.8ms | ActiveRecord: 0.4ms)


Started GET "/users/2" for 127.0.0.1 at 2014-11-20 22:14:48 -0800
Processing by UsersController#show as HTML
  Parameters: {"id"=>"2"}
  [1m[36mUser Load (0.3ms)[0m  [1mSELECT  "users".* FROM "users"  WHERE "users"."id" = 2  ORDER BY "users"."id" ASC LIMIT 1[0m
  [1m[35mUser Load (0.3ms)[0m  SELECT  "users".* FROM "users"  WHERE "users"."id" = ? LIMIT 1  [["id", 2]]
  Rendered users/show.html.erb within layouts/application (0.6ms)
  Rendered layouts/_navigation_links.html.erb (0.3ms)
  Rendered layouts/_navigation.html.erb (1.3ms)
  Rendered layouts/_messages.html.erb (0.1ms)
Completed 200 OK in 155ms (Views: 150.9ms | ActiveRecord: 0.6ms)
  [1m[36mUser Load (1.5ms)[0m  [1mSELECT "users".* FROM "users"[0m
  [1m[36mActiveRecord::SchemaMigration Load (0.1ms)[0m  [1mSELECT "schema_migrations".* FROM "schema_migrations"[0m
Migrating to CreateEvents (20141121062007)
  [1m[35m (0.1ms)[0m  begin transaction
  [1m[36m (0.5ms)[0m  [1mCREATE TABLE "events" ("id" INTEGER PRIMARY KEY AUTOINCREMENT NOT NULL, "title" varchar(255), "description" varchar(255), "location" varchar(255), "time" varchar(255), "created_at" datetime, "updated_at" datetime) [0m
  [1m[35mSQL (0.2ms)[0m  INSERT INTO "schema_migrations" ("version") VALUES (?)  [["version", "20141121062007"]]
  [1m[36m (2.4ms)[0m  [1mcommit transaction[0m
Migrating to CreateComments (20141121062401)
  [1m[35m (0.1ms)[0m  begin transaction
  [1m[36m (0.3ms)[0m  [1mCREATE TABLE "comments" ("id" INTEGER PRIMARY KEY AUTOINCREMENT NOT NULL, "event_id" integer, "user_id" integer, "attending" varchar(255), "comment" varchar(255), "created_at" datetime, "updated_at" datetime) [0m
  [1m[35mSQL (0.1ms)[0m  INSERT INTO "schema_migrations" ("version") VALUES (?)  [["version", "20141121062401"]]
  [1m[36m (0.8ms)[0m  [1mcommit transaction[0m
  [1m[35mActiveRecord::SchemaMigration Load (0.1ms)[0m  SELECT "schema_migrations".* FROM "schema_migrations"
  [1m[36m (0.2ms)[0m  [1m            SELECT sql
            FROM sqlite_master
            WHERE name='index_users_on_reset_password_token' AND type='index'
            UNION ALL
            SELECT sql
            FROM sqlite_temp_master
            WHERE name='index_users_on_reset_password_token' AND type='index'
[0m
  [1m[35m (0.1ms)[0m              SELECT sql
            FROM sqlite_master
            WHERE name='index_users_on_email' AND type='index'
            UNION ALL
            SELECT sql
            FROM sqlite_temp_master
            WHERE name='index_users_on_email' AND type='index'

  [1m[36mUser Load (2.7ms)[0m  [1mSELECT "users".* FROM "users"[0m
  [1m[35mEvent Load (0.2ms)[0m  SELECT "events".* FROM "events"


Started GET "/" for 127.0.0.1 at 2014-11-20 22:36:21 -0800
  [1m[36mActiveRecord::SchemaMigration Load (0.2ms)[0m  [1mSELECT "schema_migrations".* FROM "schema_migrations"[0m
Processing by VisitorsController#index as HTML
  [1m[35m (0.1ms)[0m  SELECT COUNT(*) FROM "users"
  Rendered visitors/index.html.erb within layouts/application (4.8ms)
  [1m[36mUser Load (0.3ms)[0m  [1mSELECT  "users".* FROM "users"  WHERE "users"."id" = 2  ORDER BY "users"."id" ASC LIMIT 1[0m
  Rendered layouts/_navigation_links.html.erb (21.9ms)
  Rendered layouts/_navigation.html.erb (24.1ms)
  Rendered layouts/_messages.html.erb (0.9ms)
Completed 200 OK in 2165ms (Views: 2154.1ms | ActiveRecord: 0.8ms)


Started GET "/users/edit" for 127.0.0.1 at 2014-11-20 22:38:10 -0800
Processing by Devise::RegistrationsController#edit as HTML
  [1m[35mUser Load (0.2ms)[0m  SELECT  "users".* FROM "users"  WHERE "users"."id" = 2  ORDER BY "users"."id" ASC LIMIT 1
  Rendered devise/registrations/edit.html.erb within layouts/application (21.9ms)
  Rendered layouts/_navigation_links.html.erb (0.8ms)
  Rendered layouts/_navigation.html.erb (2.1ms)
  Rendered layouts/_messages.html.erb (0.6ms)
Completed 200 OK in 189ms (Views: 185.3ms | ActiveRecord: 0.2ms)


Started GET "/" for 127.0.0.1 at 2014-11-20 22:38:13 -0800
Processing by VisitorsController#index as HTML
  [1m[36m (0.2ms)[0m  [1mSELECT COUNT(*) FROM "users"[0m
  Rendered visitors/index.html.erb within layouts/application (1.4ms)
  [1m[35mUser Load (0.2ms)[0m  SELECT  "users".* FROM "users"  WHERE "users"."id" = 2  ORDER BY "users"."id" ASC LIMIT 1
  Rendered layouts/_navigation_links.html.erb (1.6ms)
  Rendered layouts/_navigation.html.erb (2.6ms)
  Rendered layouts/_messages.html.erb (0.1ms)
Completed 200 OK in 206ms (Views: 204.5ms | ActiveRecord: 0.4ms)


Started GET "/users" for 127.0.0.1 at 2014-11-20 22:38:15 -0800
Processing by UsersController#index as HTML
  [1m[36mUser Load (0.2ms)[0m  [1mSELECT  "users".* FROM "users"  WHERE "users"."id" = 2  ORDER BY "users"."id" ASC LIMIT 1[0m
  [1m[35mUser Load (0.2ms)[0m  SELECT "users".* FROM "users"
  Rendered users/_user.html.erb (0.8ms)
  Rendered users/_user.html.erb (0.3ms)
  Rendered users/index.html.erb within layouts/application (3.9ms)
  Rendered layouts/_navigation_links.html.erb (0.3ms)
  Rendered layouts/_navigation.html.erb (1.1ms)
  Rendered layouts/_messages.html.erb (0.1ms)
Completed 200 OK in 169ms (Views: 166.1ms | ActiveRecord: 0.4ms)


Started GET "/users/2" for 127.0.0.1 at 2014-11-20 22:38:16 -0800
Processing by UsersController#show as HTML
  Parameters: {"id"=>"2"}
  [1m[36mUser Load (0.2ms)[0m  [1mSELECT  "users".* FROM "users"  WHERE "users"."id" = 2  ORDER BY "users"."id" ASC LIMIT 1[0m
  [1m[35mUser Load (0.3ms)[0m  SELECT  "users".* FROM "users"  WHERE "users"."id" = ? LIMIT 1  [["id", 2]]
  Rendered users/show.html.erb within layouts/application (0.6ms)
  Rendered layouts/_navigation_links.html.erb (0.4ms)
  Rendered layouts/_navigation.html.erb (1.7ms)
  Rendered layouts/_messages.html.erb (0.1ms)
Completed 200 OK in 182ms (Views: 179.0ms | ActiveRecord: 0.5ms)


Started GET "/" for 127.0.0.1 at 2014-11-20 22:38:18 -0800
Processing by VisitorsController#index as HTML
  [1m[36m (0.1ms)[0m  [1mSELECT COUNT(*) FROM "users"[0m
  Rendered visitors/index.html.erb within layouts/application (1.0ms)
  [1m[35mUser Load (0.2ms)[0m  SELECT  "users".* FROM "users"  WHERE "users"."id" = 2  ORDER BY "users"."id" ASC LIMIT 1
  Rendered layouts/_navigation_links.html.erb (1.2ms)
  Rendered layouts/_navigation.html.erb (1.9ms)
  Rendered layouts/_messages.html.erb (0.1ms)
Completed 200 OK in 157ms (Views: 156.3ms | ActiveRecord: 0.3ms)


Started GET "/" for 127.0.0.1 at 2014-11-28 22:32:18 -0800
  [1m[36mActiveRecord::SchemaMigration Load (0.5ms)[0m  [1mSELECT "schema_migrations".* FROM "schema_migrations"[0m
Processing by VisitorsController#index as HTML
  [1m[35m (0.4ms)[0m  SELECT COUNT(*) FROM "users"
  Rendered visitors/index.html.erb within layouts/application (4.5ms)
  [1m[36mUser Load (0.6ms)[0m  [1mSELECT  "users".* FROM "users"  WHERE "users"."id" = 2  ORDER BY "users"."id" ASC LIMIT 1[0m
  Rendered layouts/_navigation_links.html.erb (16.0ms)
  Rendered layouts/_navigation.html.erb (17.8ms)
  Rendered layouts/_messages.html.erb (0.7ms)
Completed 200 OK in 405ms (Views: 387.1ms | ActiveRecord: 1.4ms)


Started GET "/users" for 127.0.0.1 at 2014-11-28 22:32:21 -0800
Processing by UsersController#index as HTML
  [1m[35mUser Load (0.3ms)[0m  SELECT  "users".* FROM "users"  WHERE "users"."id" = 2  ORDER BY "users"."id" ASC LIMIT 1
  [1m[36mUser Load (0.4ms)[0m  [1mSELECT "users".* FROM "users"[0m
  Rendered users/_user.html.erb (1.8ms)
  Rendered users/_user.html.erb (0.3ms)
  Rendered users/index.html.erb within layouts/application (7.1ms)
  Rendered layouts/_navigation_links.html.erb (0.9ms)
  Rendered layouts/_navigation.html.erb (2.4ms)
  Rendered layouts/_messages.html.erb (0.5ms)
Completed 200 OK in 174ms (Views: 170.7ms | ActiveRecord: 0.7ms)


Started GET "/users/2" for 127.0.0.1 at 2014-11-28 22:32:26 -0800
Processing by UsersController#show as HTML
  Parameters: {"id"=>"2"}
  [1m[35mUser Load (0.2ms)[0m  SELECT  "users".* FROM "users"  WHERE "users"."id" = 2  ORDER BY "users"."id" ASC LIMIT 1
  [1m[36mUser Load (0.1ms)[0m  [1mSELECT  "users".* FROM "users"  WHERE "users"."id" = ? LIMIT 1[0m  [["id", 2]]
  Rendered users/show.html.erb within layouts/application (0.5ms)
  Rendered layouts/_navigation_links.html.erb (0.3ms)
  Rendered layouts/_navigation.html.erb (1.2ms)
  Rendered layouts/_messages.html.erb (0.1ms)
Completed 200 OK in 159ms (Views: 156.6ms | ActiveRecord: 0.3ms)


Started DELETE "/users/sign_out" for 127.0.0.1 at 2014-11-28 22:32:28 -0800
Processing by Devise::SessionsController#destroy as HTML
  Parameters: {"authenticity_token"=>"x7/iE06OjFZbRo7CDMJM9KK10ZgWum6zIQNrH7DbpxI="}
  [1m[35mUser Load (0.3ms)[0m  SELECT  "users".* FROM "users"  WHERE "users"."id" = 2  ORDER BY "users"."id" ASC LIMIT 1
  [1m[36m (0.1ms)[0m  [1mbegin transaction[0m
  [1m[35m (0.0ms)[0m  commit transaction
Redirected to http://localhost:3000/
Completed 302 Found in 21ms (ActiveRecord: 0.4ms)


Started GET "/" for 127.0.0.1 at 2014-11-28 22:32:28 -0800
Processing by VisitorsController#index as HTML
  [1m[36m (0.1ms)[0m  [1mSELECT COUNT(*) FROM "users"[0m
  Rendered visitors/index.html.erb within layouts/application (0.9ms)
  Rendered layouts/_navigation_links.html.erb (3.9ms)
  Rendered layouts/_navigation.html.erb (4.6ms)
  Rendered layouts/_messages.html.erb (0.1ms)
Completed 200 OK in 180ms (Views: 179.3ms | ActiveRecord: 0.1ms)


Started GET "/" for 127.0.0.1 at 2014-11-28 22:32:31 -0800
Processing by VisitorsController#index as HTML
  [1m[35m (0.3ms)[0m  SELECT COUNT(*) FROM "users"
  Rendered visitors/index.html.erb within layouts/application (1.9ms)
  Rendered layouts/_navigation_links.html.erb (0.5ms)
  Rendered layouts/_navigation.html.erb (1.4ms)
  Rendered layouts/_messages.html.erb (0.2ms)
Completed 200 OK in 164ms (Views: 162.9ms | ActiveRecord: 0.2ms)
  [1m[36mComment Load (4.6ms)[0m  [1mSELECT "comments".* FROM "comments"[0m


Started GET "/" for 127.0.0.1 at 2014-11-29 23:01:30 -0800
  [1m[36mActiveRecord::SchemaMigration Load (0.5ms)[0m  [1mSELECT "schema_migrations".* FROM "schema_migrations"[0m
Processing by VisitorsController#index as HTML
  [1m[35m (0.6ms)[0m  SELECT COUNT(*) FROM "users"
  Rendered visitors/index.html.erb within layouts/application (4.6ms)
  Rendered layouts/_navigation_links.html.erb (4.4ms)
  Rendered layouts/_navigation.html.erb (6.0ms)
  Rendered layouts/_messages.html.erb (0.6ms)
Completed 200 OK in 386ms (Views: 369.7ms | ActiveRecord: 1.0ms)


Started GET "/users/sign_in" for 127.0.0.1 at 2014-11-29 23:01:41 -0800
Processing by Devise::SessionsController#new as HTML
  Rendered devise/sessions/new.html.erb within layouts/application (32.2ms)
  Rendered layouts/_navigation_links.html.erb (0.6ms)
  Rendered layouts/_navigation.html.erb (1.6ms)
  Rendered layouts/_messages.html.erb (0.1ms)
Completed 200 OK in 216ms (Views: 202.0ms | ActiveRecord: 0.0ms)


Started POST "/users/sign_in" for 127.0.0.1 at 2014-11-29 23:01:48 -0800
Processing by Devise::SessionsController#create as HTML
  Parameters: {"utf8"=>"✓", "authenticity_token"=>"be1lxSGsfjYLaSSnYv2vYNprP8Ho79w50MBsyGQrz14=", "user"=>{"email"=>"mandy@mandy.com", "password"=>"[FILTERED]", "remember_me"=>"0"}, "commit"=>"Sign in"}
  [1m[36mUser Load (0.9ms)[0m  [1mSELECT  "users".* FROM "users"  WHERE "users"."email" = 'mandy@mandy.com'  ORDER BY "users"."id" ASC LIMIT 1[0m
Completed 401 Unauthorized in 88ms
Processing by Devise::SessionsController#new as HTML
  Parameters: {"utf8"=>"✓", "authenticity_token"=>"be1lxSGsfjYLaSSnYv2vYNprP8Ho79w50MBsyGQrz14=", "user"=>{"email"=>"mandy@mandy.com", "password"=>"[FILTERED]", "remember_me"=>"0"}, "commit"=>"Sign in"}
  Rendered devise/sessions/new.html.erb within layouts/application (2.2ms)
  Rendered layouts/_navigation_links.html.erb (0.2ms)
  Rendered layouts/_navigation.html.erb (1.1ms)
  Rendered layouts/_messages.html.erb (0.1ms)
Completed 200 OK in 248ms (Views: 173.9ms | ActiveRecord: 0.0ms)


Started POST "/users/sign_in" for 127.0.0.1 at 2014-11-29 23:01:53 -0800
Processing by Devise::SessionsController#create as HTML
  Parameters: {"utf8"=>"✓", "authenticity_token"=>"be1lxSGsfjYLaSSnYv2vYNprP8Ho79w50MBsyGQrz14=", "user"=>{"email"=>"mandy@mandy.com", "password"=>"[FILTERED]", "remember_me"=>"0"}, "commit"=>"Sign in"}
  [1m[35mUser Load (0.2ms)[0m  SELECT  "users".* FROM "users"  WHERE "users"."email" = 'mandy@mandy.com'  ORDER BY "users"."id" ASC LIMIT 1
Completed 401 Unauthorized in 76ms
Processing by Devise::SessionsController#new as HTML
  Parameters: {"utf8"=>"✓", "authenticity_token"=>"be1lxSGsfjYLaSSnYv2vYNprP8Ho79w50MBsyGQrz14=", "user"=>{"email"=>"mandy@mandy.com", "password"=>"[FILTERED]", "remember_me"=>"0"}, "commit"=>"Sign in"}
  Rendered devise/sessions/new.html.erb within layouts/application (6.7ms)
  Rendered layouts/_navigation_links.html.erb (0.3ms)
  Rendered layouts/_navigation.html.erb (1.2ms)
  Rendered layouts/_messages.html.erb (0.1ms)
Completed 200 OK in 252ms (Views: 180.6ms | ActiveRecord: 0.0ms)


Started POST "/users/sign_in" for 127.0.0.1 at 2014-11-29 23:01:57 -0800
Processing by Devise::SessionsController#create as HTML
  Parameters: {"utf8"=>"✓", "authenticity_token"=>"be1lxSGsfjYLaSSnYv2vYNprP8Ho79w50MBsyGQrz14=", "user"=>{"email"=>"mandy@mandy.com", "password"=>"[FILTERED]", "remember_me"=>"0"}, "commit"=>"Sign in"}
  [1m[36mUser Load (0.3ms)[0m  [1mSELECT  "users".* FROM "users"  WHERE "users"."email" = 'mandy@mandy.com'  ORDER BY "users"."id" ASC LIMIT 1[0m
Completed 401 Unauthorized in 76ms
Processing by Devise::SessionsController#new as HTML
  Parameters: {"utf8"=>"✓", "authenticity_token"=>"be1lxSGsfjYLaSSnYv2vYNprP8Ho79w50MBsyGQrz14=", "user"=>{"email"=>"mandy@mandy.com", "password"=>"[FILTERED]", "remember_me"=>"0"}, "commit"=>"Sign in"}
  Rendered devise/sessions/new.html.erb within layouts/application (2.0ms)
  Rendered layouts/_navigation_links.html.erb (0.2ms)
  Rendered layouts/_navigation.html.erb (1.0ms)
  Rendered layouts/_messages.html.erb (0.1ms)
Completed 200 OK in 252ms (Views: 175.2ms | ActiveRecord: 0.0ms)


Started GET "/users/sign_up" for 127.0.0.1 at 2014-11-29 23:01:59 -0800
Processing by Devise::RegistrationsController#new as HTML
  Rendered devise/registrations/new.html.erb within layouts/application (6.6ms)
  Rendered layouts/_navigation_links.html.erb (0.4ms)
  Rendered layouts/_navigation.html.erb (1.1ms)
  Rendered layouts/_messages.html.erb (0.1ms)
Completed 200 OK in 202ms (Views: 200.4ms | ActiveRecord: 0.0ms)


Started POST "/users" for 127.0.0.1 at 2014-11-29 23:02:09 -0800
Processing by Devise::RegistrationsController#create as HTML
  Parameters: {"utf8"=>"✓", "authenticity_token"=>"be1lxSGsfjYLaSSnYv2vYNprP8Ho79w50MBsyGQrz14=", "user"=>{"name"=>"Mandy", "email"=>"mandy@mandy.com", "password"=>"[FILTERED]", "password_confirmation"=>"[FILTERED]"}, "commit"=>"Sign up"}
  [1m[35m (0.1ms)[0m  begin transaction
  [1m[36mUser Exists (0.8ms)[0m  [1mSELECT  1 AS one FROM "users"  WHERE "users"."email" = 'mandy@mandy.com' LIMIT 1[0m
  [1m[35m (0.1ms)[0m  rollback transaction
  Rendered devise/registrations/new.html.erb within layouts/application (3.3ms)
  Rendered layouts/_navigation_links.html.erb (0.5ms)
  Rendered layouts/_navigation.html.erb (1.5ms)
  Rendered layouts/_messages.html.erb (0.1ms)
Completed 200 OK in 291ms (Views: 187.5ms | ActiveRecord: 1.0ms)


Started GET "/users/sign_in" for 127.0.0.1 at 2014-11-29 23:02:17 -0800
Processing by Devise::SessionsController#new as HTML
  Rendered devise/sessions/new.html.erb within layouts/application (3.6ms)
  Rendered layouts/_navigation_links.html.erb (0.6ms)
  Rendered layouts/_navigation.html.erb (1.7ms)
  Rendered layouts/_messages.html.erb (0.1ms)
Completed 200 OK in 225ms (Views: 221.3ms | ActiveRecord: 0.0ms)


Started POST "/users/sign_in" for 127.0.0.1 at 2014-11-29 23:02:24 -0800
Processing by Devise::SessionsController#create as HTML
  Parameters: {"utf8"=>"✓", "authenticity_token"=>"be1lxSGsfjYLaSSnYv2vYNprP8Ho79w50MBsyGQrz14=", "user"=>{"email"=>"mandy@mandy.com", "password"=>"[FILTERED]", "remember_me"=>"0"}, "commit"=>"Sign in"}
  [1m[36mUser Load (0.3ms)[0m  [1mSELECT  "users".* FROM "users"  WHERE "users"."email" = 'mandy@mandy.com'  ORDER BY "users"."id" ASC LIMIT 1[0m
Completed 401 Unauthorized in 81ms
Processing by Devise::SessionsController#new as HTML
  Parameters: {"utf8"=>"✓", "authenticity_token"=>"be1lxSGsfjYLaSSnYv2vYNprP8Ho79w50MBsyGQrz14=", "user"=>{"email"=>"mandy@mandy.com", "password"=>"[FILTERED]", "remember_me"=>"0"}, "commit"=>"Sign in"}
  Rendered devise/sessions/new.html.erb within layouts/application (2.2ms)
  Rendered layouts/_navigation_links.html.erb (0.2ms)
  Rendered layouts/_navigation.html.erb (1.0ms)
  Rendered layouts/_messages.html.erb (0.1ms)
Completed 200 OK in 248ms (Views: 170.4ms | ActiveRecord: 0.0ms)


Started POST "/users/sign_in" for 127.0.0.1 at 2014-11-29 23:02:28 -0800
Processing by Devise::SessionsController#create as HTML
  Parameters: {"utf8"=>"✓", "authenticity_token"=>"be1lxSGsfjYLaSSnYv2vYNprP8Ho79w50MBsyGQrz14=", "user"=>{"email"=>"mandy@mandy.com", "password"=>"[FILTERED]", "remember_me"=>"0"}, "commit"=>"Sign in"}
  [1m[35mUser Load (0.3ms)[0m  SELECT  "users".* FROM "users"  WHERE "users"."email" = 'mandy@mandy.com'  ORDER BY "users"."id" ASC LIMIT 1
Completed 401 Unauthorized in 83ms
Processing by Devise::SessionsController#new as HTML
  Parameters: {"utf8"=>"✓", "authenticity_token"=>"be1lxSGsfjYLaSSnYv2vYNprP8Ho79w50MBsyGQrz14=", "user"=>{"email"=>"mandy@mandy.com", "password"=>"[FILTERED]", "remember_me"=>"0"}, "commit"=>"Sign in"}
  Rendered devise/sessions/new.html.erb within layouts/application (2.1ms)
  Rendered layouts/_navigation_links.html.erb (0.2ms)
  Rendered layouts/_navigation.html.erb (1.0ms)
  Rendered layouts/_messages.html.erb (0.1ms)
Completed 200 OK in 256ms (Views: 180.7ms | ActiveRecord: 0.0ms)


Started GET "/users/password/new" for 127.0.0.1 at 2014-11-29 23:02:32 -0800
Processing by Devise::PasswordsController#new as HTML
  Rendered devise/passwords/new.html.erb within layouts/application (2.2ms)
  Rendered layouts/_navigation_links.html.erb (0.4ms)
  Rendered layouts/_navigation.html.erb (1.2ms)
  Rendered layouts/_messages.html.erb (0.1ms)
Completed 200 OK in 174ms (Views: 172.8ms | ActiveRecord: 0.0ms)


Started POST "/users/password" for 127.0.0.1 at 2014-11-29 23:02:36 -0800
Processing by Devise::PasswordsController#create as HTML
  Parameters: {"utf8"=>"✓", "authenticity_token"=>"be1lxSGsfjYLaSSnYv2vYNprP8Ho79w50MBsyGQrz14=", "user"=>{"email"=>"mandy@mandy.com"}, "commit"=>"Reset Password"}
  [1m[36mUser Load (0.2ms)[0m  [1mSELECT  "users".* FROM "users"  WHERE "users"."email" = 'mandy@mandy.com'  ORDER BY "users"."id" ASC LIMIT 1[0m
  [1m[35mUser Load (0.2ms)[0m  SELECT  "users".* FROM "users"  WHERE "users"."reset_password_token" = 'ab05ed476b22cc04749033d2e8a1b152047f6d45e9e30bd2ff90926c71ff2540'  ORDER BY "users"."id" ASC LIMIT 1
  [1m[36m (0.1ms)[0m  [1mbegin transaction[0m
Binary data inserted for `string` type on column `reset_password_token`
  [1m[35mSQL (0.4ms)[0m  UPDATE "users" SET "reset_password_sent_at" = ?, "reset_password_token" = ?, "updated_at" = ? WHERE "users"."id" = 2  [["reset_password_sent_at", "2014-11-30 07:02:36.521532"], ["reset_password_token", "ab05ed476b22cc04749033d2e8a1b152047f6d45e9e30bd2ff90926c71ff2540"], ["updated_at", "2014-11-30 07:02:36.522061"]]
  [1m[36m (0.7ms)[0m  [1mcommit transaction[0m
  Rendered /Users/Mannnnndy_/.rvm/gems/ruby-2.1.2/gems/devise-3.4.1/app/views/devise/mailer/reset_password_instructions.html.erb (1.7ms)

Devise::Mailer#reset_password_instructions: processed outbound mail in 221.6ms

Sent mail to mandy@mandy.com (913.4ms)
Date: Sat, 29 Nov 2014 23:02:36 -0800
From: no-reply@example.com
Reply-To: no-reply@example.com
To: mandy@mandy.com
Message-ID: <547ac10cbaee9_7633fd298865bf078a@Mannnnndy-MP.local.mail>
Subject: Reset password instructions
Mime-Version: 1.0
Content-Type: text/html;
 charset=UTF-8
Content-Transfer-Encoding: 7bit

<p>Hello mandy@mandy.com!</p>

<p>Someone has requested a link to change your password. You can do this through the link below.</p>

<p><a href="http://localhost:3000/users/password/edit?reset_password_token=p24zbKXxTgpw4Ao1rkQL">Change my password</a></p>

<p>If you didn't request this, please ignore this email.</p>
<p>Your password won't change until you access the link above and create a new one.</p>

Completed 500 Internal Server Error in 1407ms

Net::SMTPAuthenticationError - 530-5.5.1 Authentication Required. Learn more at
:
   () Users/Mannnnndy_/.rvm/rubies/ruby-2.1.2/lib/ruby/2.1.0/net/smtp.rb:957:in `check_response'
   () Users/Mannnnndy_/.rvm/rubies/ruby-2.1.2/lib/ruby/2.1.0/net/smtp.rb:926:in `getok'
   () Users/Mannnnndy_/.rvm/rubies/ruby-2.1.2/lib/ruby/2.1.0/net/smtp.rb:841:in `mailfrom'
   () Users/Mannnnndy_/.rvm/rubies/ruby-2.1.2/lib/ruby/2.1.0/net/smtp.rb:662:in `send_message'
   () Users/Mannnnndy_/.rvm/gems/ruby-2.1.2@global/gems/mail-2.6.3/lib/mail/network/delivery_methods/smtp.rb:113:in `block in deliver!'
   () Users/Mannnnndy_/.rvm/rubies/ruby-2.1.2/lib/ruby/2.1.0/net/smtp.rb:521:in `start'
   () Users/Mannnnndy_/.rvm/gems/ruby-2.1.2@global/gems/mail-2.6.3/lib/mail/network/delivery_methods/smtp.rb:112:in `deliver!'
   () Users/Mannnnndy_/.rvm/gems/ruby-2.1.2@global/gems/mail-2.6.3/lib/mail/message.rb:2141:in `do_delivery'
   () Users/Mannnnndy_/.rvm/gems/ruby-2.1.2@global/gems/mail-2.6.3/lib/mail/message.rb:236:in `block in deliver'
   () Users/Mannnnndy_/.rvm/gems/ruby-2.1.2@global/gems/actionmailer-4.1.8/lib/action_mailer/base.rb:527:in `block in deliver_mail'
   () Users/Mannnnndy_/.rvm/gems/ruby-2.1.2@global/gems/activesupport-4.1.8/lib/active_support/notifications.rb:159:in `block in instrument'
   () Users/Mannnnndy_/.rvm/gems/ruby-2.1.2@global/gems/activesupport-4.1.8/lib/active_support/notifications/instrumenter.rb:20:in `instrument'
   () Users/Mannnnndy_/.rvm/gems/ruby-2.1.2@global/gems/activesupport-4.1.8/lib/active_support/notifications.rb:159:in `instrument'
   () Users/Mannnnndy_/.rvm/gems/ruby-2.1.2@global/gems/actionmailer-4.1.8/lib/action_mailer/base.rb:525:in `deliver_mail'
   () Users/Mannnnndy_/.rvm/gems/ruby-2.1.2@global/gems/mail-2.6.3/lib/mail/message.rb:236:in `deliver'
  devise (3.4.1) lib/devise/models/authenticatable.rb:178:in `send_devise_notification'
  devise (3.4.1) lib/devise/models/recoverable.rb:99:in `send_reset_password_instructions_notification'
  devise (3.4.1) lib/devise/models/recoverable.rb:49:in `send_reset_password_instructions'
  devise (3.4.1) lib/devise/models/recoverable.rb:116:in `send_reset_password_instructions'
  devise (3.4.1) app/controllers/devise/passwords_controller.rb:13:in `create'
   () Users/Mannnnndy_/.rvm/gems/ruby-2.1.2@global/gems/actionpack-4.1.8/lib/action_controller/metal/implicit_render.rb:4:in `send_action'
   () Users/Mannnnndy_/.rvm/gems/ruby-2.1.2@global/gems/actionpack-4.1.8/lib/abstract_controller/base.rb:189:in `process_action'
   () Users/Mannnnndy_/.rvm/gems/ruby-2.1.2@global/gems/actionpack-4.1.8/lib/action_controller/metal/rendering.rb:10:in `process_action'
   () Users/Mannnnndy_/.rvm/gems/ruby-2.1.2@global/gems/actionpack-4.1.8/lib/abstract_controller/callbacks.rb:20:in `block in process_action'
   () Users/Mannnnndy_/.rvm/gems/ruby-2.1.2@global/gems/activesupport-4.1.8/lib/active_support/callbacks.rb:113:in `call'
   () Users/Mannnnndy_/.rvm/gems/ruby-2.1.2@global/gems/activesupport-4.1.8/lib/active_support/callbacks.rb:149:in `block in halting_and_conditional'
   () Users/Mannnnndy_/.rvm/gems/ruby-2.1.2@global/gems/activesupport-4.1.8/lib/active_support/callbacks.rb:229:in `block in halting'
   () Users/Mannnnndy_/.rvm/gems/ruby-2.1.2@global/gems/activesupport-4.1.8/lib/active_support/callbacks.rb:166:in `block in halting'
   () Users/Mannnnndy_/.rvm/gems/ruby-2.1.2@global/gems/activesupport-4.1.8/lib/active_support/callbacks.rb:166:in `block in halting'
   () Users/Mannnnndy_/.rvm/gems/ruby-2.1.2@global/gems/activesupport-4.1.8/lib/active_support/callbacks.rb:166:in `block in halting'
   () Users/Mannnnndy_/.rvm/gems/ruby-2.1.2@global/gems/activesupport-4.1.8/lib/active_support/callbacks.rb:229:in `block in halting'
   () Users/Mannnnndy_/.rvm/gems/ruby-2.1.2@global/gems/activesupport-4.1.8/lib/active_support/callbacks.rb:166:in `block in halting'
   () Users/Mannnnndy_/.rvm/gems/ruby-2.1.2@global/gems/activesupport-4.1.8/lib/active_support/callbacks.rb:166:in `block in halting'
   () Users/Mannnnndy_/.rvm/gems/ruby-2.1.2@global/gems/activesupport-4.1.8/lib/active_support/callbacks.rb:166:in `block in halting'
   () Users/Mannnnndy_/.rvm/gems/ruby-2.1.2@global/gems/activesupport-4.1.8/lib/active_support/callbacks.rb:86:in `run_callbacks'
   () Users/Mannnnndy_/.rvm/gems/ruby-2.1.2@global/gems/actionpack-4.1.8/lib/abstract_controller/callbacks.rb:19:in `process_action'
   () Users/Mannnnndy_/.rvm/gems/ruby-2.1.2@global/gems/actionpack-4.1.8/lib/action_controller/metal/rescue.rb:29:in `process_action'
   () Users/Mannnnndy_/.rvm/gems/ruby-2.1.2@global/gems/actionpack-4.1.8/lib/action_controller/metal/instrumentation.rb:31:in `block in process_action'
   () Users/Mannnnndy_/.rvm/gems/ruby-2.1.2@global/gems/activesupport-4.1.8/lib/active_support/notifications.rb:159:in `block in instrument'
   () Users/Mannnnndy_/.rvm/gems/ruby-2.1.2@global/gems/activesupport-4.1.8/lib/active_support/notifications/instrumenter.rb:20:in `instrument'
   () Users/Mannnnndy_/.rvm/gems/ruby-2.1.2@global/gems/activesupport-4.1.8/lib/active_support/notifications.rb:159:in `instrument'
   () Users/Mannnnndy_/.rvm/gems/ruby-2.1.2@global/gems/actionpack-4.1.8/lib/action_controller/metal/instrumentation.rb:30:in `process_action'
   () Users/Mannnnndy_/.rvm/gems/ruby-2.1.2@global/gems/actionpack-4.1.8/lib/action_controller/metal/params_wrapper.rb:250:in `process_action'
   () Users/Mannnnndy_/.rvm/gems/ruby-2.1.2@global/gems/activerecord-4.1.8/lib/active_record/railties/controller_runtime.rb:18:in `process_action'
   () Users/Mannnnndy_/.rvm/gems/ruby-2.1.2@global/gems/actionpack-4.1.8/lib/abstract_controller/base.rb:136:in `process'
   () Users/Mannnnndy_/.rvm/gems/ruby-2.1.2@global/gems/actionview-4.1.8/lib/action_view/rendering.rb:30:in `process'
   () Users/Mannnnndy_/.rvm/gems/ruby-2.1.2@global/gems/actionpack-4.1.8/lib/action_controller/metal.rb:196:in `dispatch'
   () Users/Mannnnndy_/.rvm/gems/ruby-2.1.2@global/gems/actionpack-4.1.8/lib/action_controller/metal/rack_delegation.rb:13:in `dispatch'
   () Users/Mannnnndy_/.rvm/gems/ruby-2.1.2@global/gems/actionpack-4.1.8/lib/action_controller/metal.rb:232:in `block in action'
   () Users/Mannnnndy_/.rvm/gems/ruby-2.1.2@global/gems/actionpack-4.1.8/lib/action_dispatch/routing/route_set.rb:82:in `dispatch'
   () Users/Mannnnndy_/.rvm/gems/ruby-2.1.2@global/gems/actionpack-4.1.8/lib/action_dispatch/routing/route_set.rb:50:in `call'
   () Users/Mannnnndy_/.rvm/gems/ruby-2.1.2@global/gems/actionpack-4.1.8/lib/action_dispatch/routing/mapper.rb:45:in `call'
   () Users/Mannnnndy_/.rvm/gems/ruby-2.1.2@global/gems/actionpack-4.1.8/lib/action_dispatch/journey/router.rb:73:in `block in call'
   () Users/Mannnnndy_/.rvm/gems/ruby-2.1.2@global/gems/actionpack-4.1.8/lib/action_dispatch/journey/router.rb:59:in `call'
   () Users/Mannnnndy_/.rvm/gems/ruby-2.1.2@global/gems/actionpack-4.1.8/lib/action_dispatch/routing/route_set.rb:678:in `call'
  warden (1.2.3) lib/warden/manager.rb:35:in `block in call'
  warden (1.2.3) lib/warden/manager.rb:34:in `call'
   () Users/Mannnnndy_/.rvm/gems/ruby-2.1.2@global/gems/rack-1.5.2/lib/rack/etag.rb:23:in `call'
   () Users/Mannnnndy_/.rvm/gems/ruby-2.1.2@global/gems/rack-1.5.2/lib/rack/conditionalget.rb:35:in `call'
   () Users/Mannnnndy_/.rvm/gems/ruby-2.1.2@global/gems/rack-1.5.2/lib/rack/head.rb:11:in `call'
   () Users/Mannnnndy_/.rvm/gems/ruby-2.1.2@global/gems/actionpack-4.1.8/lib/action_dispatch/middleware/params_parser.rb:27:in `call'
   () Users/Mannnnndy_/.rvm/gems/ruby-2.1.2@global/gems/actionpack-4.1.8/lib/action_dispatch/middleware/flash.rb:254:in `call'
   () Users/Mannnnndy_/.rvm/gems/ruby-2.1.2@global/gems/rack-1.5.2/lib/rack/session/abstract/id.rb:225:in `context'
   () Users/Mannnnndy_/.rvm/gems/ruby-2.1.2@global/gems/rack-1.5.2/lib/rack/session/abstract/id.rb:220:in `call'
   () Users/Mannnnndy_/.rvm/gems/ruby-2.1.2@global/gems/actionpack-4.1.8/lib/action_dispatch/middleware/cookies.rb:560:in `call'
   () Users/Mannnnndy_/.rvm/gems/ruby-2.1.2@global/gems/activerecord-4.1.8/lib/active_record/query_cache.rb:36:in `call'
   () Users/Mannnnndy_/.rvm/gems/ruby-2.1.2@global/gems/activerecord-4.1.8/lib/active_record/connection_adapters/abstract/connection_pool.rb:621:in `call'
   () Users/Mannnnndy_/.rvm/gems/ruby-2.1.2@global/gems/activerecord-4.1.8/lib/active_record/migration.rb:380:in `call'
   () Users/Mannnnndy_/.rvm/gems/ruby-2.1.2@global/gems/actionpack-4.1.8/lib/action_dispatch/middleware/callbacks.rb:29:in `block in call'
   () Users/Mannnnndy_/.rvm/gems/ruby-2.1.2@global/gems/activesupport-4.1.8/lib/active_support/callbacks.rb:82:in `run_callbacks'
   () Users/Mannnnndy_/.rvm/gems/ruby-2.1.2@global/gems/actionpack-4.1.8/lib/action_dispatch/middleware/callbacks.rb:27:in `call'
   () Users/Mannnnndy_/.rvm/gems/ruby-2.1.2@global/gems/actionpack-4.1.8/lib/action_dispatch/middleware/reloader.rb:73:in `call'
   () Users/Mannnnndy_/.rvm/gems/ruby-2.1.2@global/gems/actionpack-4.1.8/lib/action_dispatch/middleware/remote_ip.rb:76:in `call'
  better_errors (2.0.0) lib/better_errors/middleware.rb:84:in `protected_app_call'
  better_errors (2.0.0) lib/better_errors/middleware.rb:79:in `better_errors_call'
  better_errors (2.0.0) lib/better_errors/middleware.rb:57:in `call'
   () Users/Mannnnndy_/.rvm/gems/ruby-2.1.2@global/gems/actionpack-4.1.8/lib/action_dispatch/middleware/debug_exceptions.rb:17:in `call'
   () Users/Mannnnndy_/.rvm/gems/ruby-2.1.2@global/gems/actionpack-4.1.8/lib/action_dispatch/middleware/show_exceptions.rb:30:in `call'
   () Users/Mannnnndy_/.rvm/gems/ruby-2.1.2@global/gems/railties-4.1.8/lib/rails/rack/logger.rb:38:in `call_app'
   () Users/Mannnnndy_/.rvm/gems/ruby-2.1.2@global/gems/railties-4.1.8/lib/rails/rack/logger.rb:20:in `block in call'
   () Users/Mannnnndy_/.rvm/gems/ruby-2.1.2@global/gems/activesupport-4.1.8/lib/active_support/tagged_logging.rb:68:in `block in tagged'
   () Users/Mannnnndy_/.rvm/gems/ruby-2.1.2@global/gems/activesupport-4.1.8/lib/active_support/tagged_logging.rb:26:in `tagged'
   () Users/Mannnnndy_/.rvm/gems/ruby-2.1.2@global/gems/activesupport-4.1.8/lib/active_support/tagged_logging.rb:68:in `tagged'
   () Users/Mannnnndy_/.rvm/gems/ruby-2.1.2@global/gems/railties-4.1.8/lib/rails/rack/logger.rb:20:in `call'
  quiet_assets (1.0.3) lib/quiet_assets.rb:23:in `call_with_quiet_assets'
   () Users/Mannnnndy_/.rvm/gems/ruby-2.1.2@global/gems/actionpack-4.1.8/lib/action_dispatch/middleware/request_id.rb:21:in `call'
   () Users/Mannnnndy_/.rvm/gems/ruby-2.1.2@global/gems/rack-1.5.2/lib/rack/methodoverride.rb:21:in `call'
   () Users/Mannnnndy_/.rvm/gems/ruby-2.1.2@global/gems/rack-1.5.2/lib/rack/runtime.rb:17:in `call'
   () Users/Mannnnndy_/.rvm/gems/ruby-2.1.2@global/gems/activesupport-4.1.8/lib/active_support/cache/strategy/local_cache_middleware.rb:26:in `call'
   () Users/Mannnnndy_/.rvm/gems/ruby-2.1.2@global/gems/rack-1.5.2/lib/rack/lock.rb:17:in `call'
   () Users/Mannnnndy_/.rvm/gems/ruby-2.1.2@global/gems/actionpack-4.1.8/lib/action_dispatch/middleware/static.rb:84:in `call'
   () Users/Mannnnndy_/.rvm/gems/ruby-2.1.2@global/gems/rack-1.5.2/lib/rack/sendfile.rb:112:in `call'
   () Users/Mannnnndy_/.rvm/gems/ruby-2.1.2@global/gems/railties-4.1.8/lib/rails/engine.rb:514:in `call'
   () Users/Mannnnndy_/.rvm/gems/ruby-2.1.2@global/gems/railties-4.1.8/lib/rails/application.rb:144:in `call'
   () Users/Mannnnndy_/.rvm/gems/ruby-2.1.2@global/gems/rack-1.5.2/lib/rack/content_length.rb:14:in `call'
  thin (1.6.3) lib/thin/connection.rb:86:in `block in pre_process'
  thin (1.6.3) lib/thin/connection.rb:84:in `pre_process'
  thin (1.6.3) lib/thin/connection.rb:53:in `process'
  thin (1.6.3) lib/thin/connection.rb:39:in `receive_data'
  eventmachine (1.0.3) lib/eventmachine.rb:187:in `run'
  thin (1.6.3) lib/thin/backends/base.rb:73:in `start'
  thin (1.6.3) lib/thin/server.rb:162:in `start'
   () Users/Mannnnndy_/.rvm/gems/ruby-2.1.2@global/gems/rack-1.5.2/lib/rack/handler/thin.rb:16:in `run'
   () Users/Mannnnndy_/.rvm/gems/ruby-2.1.2@global/gems/rack-1.5.2/lib/rack/server.rb:264:in `start'
   () Users/Mannnnndy_/.rvm/gems/ruby-2.1.2@global/gems/railties-4.1.8/lib/rails/commands/server.rb:69:in `start'
   () Users/Mannnnndy_/.rvm/gems/ruby-2.1.2@global/gems/railties-4.1.8/lib/rails/commands/commands_tasks.rb:81:in `block in server'
   () Users/Mannnnndy_/.rvm/gems/ruby-2.1.2@global/gems/railties-4.1.8/lib/rails/commands/commands_tasks.rb:76:in `server'
   () Users/Mannnnndy_/.rvm/gems/ruby-2.1.2@global/gems/railties-4.1.8/lib/rails/commands/commands_tasks.rb:40:in `run_command!'
   () Users/Mannnnndy_/.rvm/gems/ruby-2.1.2@global/gems/railties-4.1.8/lib/rails/commands.rb:17:in `<top (required)>'
   () Users/Mannnnndy_/Documents/Bears/RoRDecal/railsdecalproj2/bin/rails:8:in `<top (required)>'
  spring (1.1.3) lib/spring/client/rails.rb:27:in `call'
  spring (1.1.3) lib/spring/client/command.rb:7:in `call'
  spring (1.1.3) lib/spring/client.rb:26:in `run'
  spring (1.1.3) bin/spring:48:in `<top (required)>'
  spring (1.1.3) lib/spring/binstub.rb:11:in `<top (required)>'
   () Users/Mannnnndy_/Documents/Bears/RoRDecal/railsdecalproj2/bin/spring:16:in `<top (required)>'
   () rails:3:in `<main>'



Started POST "/__better_errors/5c0b417506834a36/variables" for 127.0.0.1 at 2014-11-29 23:02:37 -0800


Started GET "/" for 127.0.0.1 at 2014-12-04 01:16:43 -0800
  [1m[36mActiveRecord::SchemaMigration Load (15.2ms)[0m  [1mSELECT "schema_migrations".* FROM "schema_migrations"[0m
Processing by VisitorsController#index as HTML
  [1m[35m (0.5ms)[0m  SELECT COUNT(*) FROM "users"
  Rendered visitors/index.html.erb within layouts/application (5.0ms)
  Rendered layouts/_navigation_links.html.erb (5.5ms)
  Rendered layouts/_navigation.html.erb (7.9ms)
  Rendered layouts/_messages.html.erb (0.7ms)
Completed 200 OK in 6098ms (Views: 6004.1ms | ActiveRecord: 0.9ms)


Started GET "/users" for 127.0.0.1 at 2014-12-04 01:16:55 -0800
Processing by UsersController#index as HTML
Completed 401 Unauthorized in 1ms


Started GET "/users/sign_in" for 127.0.0.1 at 2014-12-04 01:16:55 -0800
Processing by Devise::SessionsController#new as HTML
  Rendered devise/sessions/new.html.erb within layouts/application (56.5ms)
  Rendered layouts/_navigation_links.html.erb (0.4ms)
  Rendered layouts/_navigation.html.erb (1.2ms)
  Rendered layouts/_messages.html.erb (0.1ms)
Completed 200 OK in 280ms (Views: 244.2ms | ActiveRecord: 0.0ms)


Started POST "/users/sign_in" for 127.0.0.1 at 2014-12-04 01:25:36 -0800
Processing by Devise::SessionsController#create as HTML
  Parameters: {"utf8"=>"✓", "authenticity_token"=>"gOiDlMZI3zk8u1TRWOsACB5v4N3n/64rHmOp/Ktv3CQ=", "user"=>{"email"=>"melissa@imdown.com", "password"=>"[FILTERED]", "remember_me"=>"0"}, "commit"=>"Sign in"}
  [1m[36mUser Load (12.4ms)[0m  [1mSELECT  "users".* FROM "users"  WHERE "users"."email" = 'melissa@imdown.com'  ORDER BY "users"."id" ASC LIMIT 1[0m
Completed 401 Unauthorized in 258ms
Processing by Devise::SessionsController#new as HTML
  Parameters: {"utf8"=>"✓", "authenticity_token"=>"gOiDlMZI3zk8u1TRWOsACB5v4N3n/64rHmOp/Ktv3CQ=", "user"=>{"email"=>"melissa@imdown.com", "password"=>"[FILTERED]", "remember_me"=>"0"}, "commit"=>"Sign in"}
  Rendered devise/sessions/new.html.erb within layouts/application (15.9ms)
  Rendered layouts/_navigation_links.html.erb (0.5ms)
  Rendered layouts/_navigation.html.erb (18.8ms)
  Rendered layouts/_messages.html.erb (0.2ms)
Completed 200 OK in 847ms (Views: 714.6ms | ActiveRecord: 0.0ms)


Started POST "/users/sign_in" for 127.0.0.1 at 2014-12-04 01:25:37 -0800
Processing by Devise::SessionsController#create as HTML
  Parameters: {"utf8"=>"✓", "authenticity_token"=>"gOiDlMZI3zk8u1TRWOsACB5v4N3n/64rHmOp/Ktv3CQ=", "user"=>{"email"=>"melissa@imdown.com", "password"=>"[FILTERED]", "remember_me"=>"0"}, "commit"=>"Sign in"}
  [1m[35mUser Load (0.2ms)[0m  SELECT  "users".* FROM "users"  WHERE "users"."email" = 'melissa@imdown.com'  ORDER BY "users"."id" ASC LIMIT 1
Completed 401 Unauthorized in 2ms
Processing by Devise::SessionsController#new as HTML
  Parameters: {"utf8"=>"✓", "authenticity_token"=>"gOiDlMZI3zk8u1TRWOsACB5v4N3n/64rHmOp/Ktv3CQ=", "user"=>{"email"=>"melissa@imdown.com", "password"=>"[FILTERED]", "remember_me"=>"0"}, "commit"=>"Sign in"}
  Rendered devise/sessions/new.html.erb within layouts/application (2.7ms)
  Rendered layouts/_navigation_links.html.erb (0.2ms)
  Rendered layouts/_navigation.html.erb (1.0ms)
  Rendered layouts/_messages.html.erb (0.1ms)
Completed 200 OK in 273ms (Views: 183.7ms | ActiveRecord: 0.0ms)


Started POST "/users/sign_in" for 127.0.0.1 at 2014-12-04 01:25:52 -0800
Processing by Devise::SessionsController#create as HTML
  Parameters: {"utf8"=>"✓", "authenticity_token"=>"gOiDlMZI3zk8u1TRWOsACB5v4N3n/64rHmOp/Ktv3CQ=", "user"=>{"email"=>"melissa@imdown.com", "password"=>"[FILTERED]", "remember_me"=>"0"}, "commit"=>"Sign in"}
  [1m[36mUser Load (0.5ms)[0m  [1mSELECT  "users".* FROM "users"  WHERE "users"."email" = 'melissa@imdown.com'  ORDER BY "users"."id" ASC LIMIT 1[0m
Completed 401 Unauthorized in 3ms
Processing by Devise::SessionsController#new as HTML
  Parameters: {"utf8"=>"✓", "authenticity_token"=>"gOiDlMZI3zk8u1TRWOsACB5v4N3n/64rHmOp/Ktv3CQ=", "user"=>{"email"=>"melissa@imdown.com", "password"=>"[FILTERED]", "remember_me"=>"0"}, "commit"=>"Sign in"}
  Rendered devise/sessions/new.html.erb within layouts/application (2.0ms)
  Rendered layouts/_navigation_links.html.erb (0.3ms)
  Rendered layouts/_navigation.html.erb (2.2ms)
  Rendered layouts/_messages.html.erb (0.1ms)
Completed 200 OK in 302ms (Views: 213.1ms | ActiveRecord: 0.0ms)


Started POST "/users/sign_in" for 127.0.0.1 at 2014-12-04 01:26:08 -0800
Processing by Devise::SessionsController#create as HTML
  Parameters: {"utf8"=>"✓", "authenticity_token"=>"gOiDlMZI3zk8u1TRWOsACB5v4N3n/64rHmOp/Ktv3CQ=", "user"=>{"email"=>"melissa@gmail.com", "password"=>"[FILTERED]", "remember_me"=>"0"}, "commit"=>"Sign in"}
  [1m[35mUser Load (19.5ms)[0m  SELECT  "users".* FROM "users"  WHERE "users"."email" = 'melissa@gmail.com'  ORDER BY "users"."id" ASC LIMIT 1
Completed 401 Unauthorized in 21ms
Processing by Devise::SessionsController#new as HTML
  Parameters: {"utf8"=>"✓", "authenticity_token"=>"gOiDlMZI3zk8u1TRWOsACB5v4N3n/64rHmOp/Ktv3CQ=", "user"=>{"email"=>"melissa@gmail.com", "password"=>"[FILTERED]", "remember_me"=>"0"}, "commit"=>"Sign in"}
  Rendered devise/sessions/new.html.erb within layouts/application (2.8ms)
  Rendered layouts/_navigation_links.html.erb (0.4ms)
  Rendered layouts/_navigation.html.erb (2.0ms)
  Rendered layouts/_messages.html.erb (0.2ms)
Completed 200 OK in 299ms (Views: 209.7ms | ActiveRecord: 0.0ms)


Started POST "/users/sign_in" for 127.0.0.1 at 2014-12-04 01:26:10 -0800
Processing by Devise::SessionsController#create as HTML
  Parameters: {"utf8"=>"✓", "authenticity_token"=>"gOiDlMZI3zk8u1TRWOsACB5v4N3n/64rHmOp/Ktv3CQ=", "user"=>{"email"=>"melissa@gmail.com", "password"=>"[FILTERED]", "remember_me"=>"0"}, "commit"=>"Sign in"}
Completed 401 Unauthorized in 1ms
Processing by Devise::SessionsController#new as HTML
  Parameters: {"utf8"=>"✓", "authenticity_token"=>"gOiDlMZI3zk8u1TRWOsACB5v4N3n/64rHmOp/Ktv3CQ=", "user"=>{"email"=>"melissa@gmail.com", "password"=>"[FILTERED]", "remember_me"=>"0"}, "commit"=>"Sign in"}
  Rendered devise/sessions/new.html.erb within layouts/application (2.2ms)
  Rendered layouts/_navigation_links.html.erb (0.2ms)
  Rendered layouts/_navigation.html.erb (1.0ms)
  Rendered layouts/_messages.html.erb (0.1ms)
Completed 200 OK in 218ms (Views: 217.4ms | ActiveRecord: 0.0ms)


Started POST "/users/sign_in" for 127.0.0.1 at 2014-12-04 01:26:22 -0800
Processing by Devise::SessionsController#create as HTML
  Parameters: {"utf8"=>"✓", "authenticity_token"=>"gOiDlMZI3zk8u1TRWOsACB5v4N3n/64rHmOp/Ktv3CQ=", "user"=>{"email"=>"melissa@imdown.com", "password"=>"[FILTERED]", "remember_me"=>"0"}, "commit"=>"Sign in"}
  [1m[36mUser Load (53.3ms)[0m  [1mSELECT  "users".* FROM "users"  WHERE "users"."email" = 'melissa@imdown.com'  ORDER BY "users"."id" ASC LIMIT 1[0m
Completed 401 Unauthorized in 55ms
Processing by Devise::SessionsController#new as HTML
  Parameters: {"utf8"=>"✓", "authenticity_token"=>"gOiDlMZI3zk8u1TRWOsACB5v4N3n/64rHmOp/Ktv3CQ=", "user"=>{"email"=>"melissa@imdown.com", "password"=>"[FILTERED]", "remember_me"=>"0"}, "commit"=>"Sign in"}
  Rendered devise/sessions/new.html.erb within layouts/application (2.1ms)
  Rendered layouts/_navigation_links.html.erb (0.3ms)
  Rendered layouts/_navigation.html.erb (1.3ms)
  Rendered layouts/_messages.html.erb (0.1ms)
Completed 200 OK in 291ms (Views: 203.8ms | ActiveRecord: 0.0ms)


Started GET "/" for 127.0.0.1 at 2014-12-04 01:26:24 -0800
Processing by VisitorsController#index as HTML
  [1m[35m (0.2ms)[0m  SELECT COUNT(*) FROM "users"
  Rendered visitors/index.html.erb within layouts/application (8.5ms)
  Rendered layouts/_navigation_links.html.erb (0.5ms)
  Rendered layouts/_navigation.html.erb (1.3ms)
  Rendered layouts/_messages.html.erb (0.1ms)
Completed 200 OK in 202ms (Views: 200.9ms | ActiveRecord: 0.2ms)


Started GET "/users" for 127.0.0.1 at 2014-12-04 01:26:26 -0800
Processing by UsersController#index as HTML
Completed 401 Unauthorized in 1ms


Started GET "/users/sign_in" for 127.0.0.1 at 2014-12-04 01:26:26 -0800
Processing by Devise::SessionsController#new as HTML
  Rendered devise/sessions/new.html.erb within layouts/application (2.0ms)
  Rendered layouts/_navigation_links.html.erb (0.4ms)
  Rendered layouts/_navigation.html.erb (1.2ms)
  Rendered layouts/_messages.html.erb (0.2ms)
Completed 200 OK in 185ms (Views: 184.1ms | ActiveRecord: 0.0ms)
  [1m[36mUser Load (29.8ms)[0m  [1mSELECT "users".* FROM "users"[0m
  [1m[36mUser Load (18.2ms)[0m  [1mSELECT  "users".* FROM "users"  WHERE "users"."id" = ? LIMIT 1[0m  [["id", 2]]
  [1m[35mUser Load (0.1ms)[0m  SELECT  "users".* FROM "users"  WHERE "users"."id" = ? LIMIT 1  [["id", 2]]
  [1m[36mEvent Load (16.1ms)[0m  [1mSELECT "events".* FROM "events"[0m
  [1m[35mUser Load (0.1ms)[0m  SELECT  "users".* FROM "users"  WHERE "users"."id" = ? LIMIT 1  [["id", 1]]
  [1m[36mEvent Load (0.1ms)[0m  [1mSELECT  "events".* FROM "events"  WHERE "events"."id" = ? LIMIT 1[0m  [["id", 1]]
  [1m[35mEvent Load (0.7ms)[0m  SELECT "events".* FROM "events"
  [1m[36mUser Load (0.2ms)[0m  [1mSELECT "users".* FROM "users"[0m
  [1m[35mComment Load (0.6ms)[0m  SELECT "comments".* FROM "comments"
  [1m[36m (0.7ms)[0m  [1mbegin transaction[0m
  [1m[35m (0.1ms)[0m  rollback transaction
  [1m[36mUser Load (0.2ms)[0m  [1mSELECT "users".* FROM "users"[0m
  [1m[35m (0.1ms)[0m  begin transaction
  [1m[36mUser Exists (17.3ms)[0m  [1mSELECT  1 AS one FROM "users"  WHERE "users"."email" = 'melissa@melissa.com' LIMIT 1[0m
  [1m[35m (0.1ms)[0m  rollback transaction
  [1m[36mUser Load (0.1ms)[0m  [1mSELECT  "users".* FROM "users"  WHERE "users"."id" = ? LIMIT 1[0m  [["id", 3]]
  [1m[35m (0.1ms)[0m  begin transaction
  [1m[36mUser Exists (0.2ms)[0m  [1mSELECT  1 AS one FROM "users"  WHERE "users"."email" = 'melissa@example.com' LIMIT 1[0m
  [1m[35m (0.1ms)[0m  rollback transaction
  [1m[36m (0.1ms)[0m  [1mbegin transaction[0m
  [1m[35mUser Exists (0.2ms)[0m  SELECT  1 AS one FROM "users"  WHERE "users"."email" = 'melissa@example.com' LIMIT 1
  [1m[36m (0.1ms)[0m  [1mrollback transaction[0m
  [1m[35mUser Load (0.2ms)[0m  SELECT "users".* FROM "users"
  [1m[36mUser Load (0.2ms)[0m  [1mSELECT  "users".* FROM "users"  WHERE "users"."email" = 'melissa@example.com' LIMIT 1[0m
  [1m[35mUser Load (0.4ms)[0m  SELECT  "users".* FROM "users"  WHERE "users"."name" = 'melissa' LIMIT 1
  [1m[36mUser Load (0.2ms)[0m  [1mSELECT "users".* FROM "users"[0m
  [1m[35m (0.1ms)[0m  begin transaction
  [1m[36mUser Exists (0.2ms)[0m  [1mSELECT  1 AS one FROM "users"  WHERE "users"."email" = 'melissa@example.com' LIMIT 1[0m
  [1m[35m (0.1ms)[0m  rollback transaction
  [1m[36mUser Load (0.2ms)[0m  [1mSELECT "users".* FROM "users"[0m
  [1m[36mActiveRecord::SchemaMigration Load (0.4ms)[0m  [1mSELECT "schema_migrations".* FROM "schema_migrations"[0m
Migrating to AddDateToEvent (20141204224739)
  [1m[35m (0.2ms)[0m  begin transaction
  [1m[36m (30.2ms)[0m  [1mALTER TABLE "events" ADD "date" date[0m
  [1m[35mSQL (25.8ms)[0m  INSERT INTO "schema_migrations" ("version") VALUES (?)  [["version", "20141204224739"]]
  [1m[36m (66.9ms)[0m  [1mcommit transaction[0m
  [1m[35mActiveRecord::SchemaMigration Load (0.2ms)[0m  SELECT "schema_migrations".* FROM "schema_migrations"
  [1m[36m (0.2ms)[0m  [1m            SELECT sql
            FROM sqlite_master
            WHERE name='index_users_on_reset_password_token' AND type='index'
            UNION ALL
            SELECT sql
            FROM sqlite_temp_master
            WHERE name='index_users_on_reset_password_token' AND type='index'
[0m
  [1m[35m (0.1ms)[0m              SELECT sql
            FROM sqlite_master
            WHERE name='index_users_on_email' AND type='index'
            UNION ALL
            SELECT sql
            FROM sqlite_temp_master
            WHERE name='index_users_on_email' AND type='index'

